<?xml version="1.0" encoding="UTF-8"?>
<testng-results ignored="0" total="1" passed="1" failed="0" skipped="0">
  <reporter-output>
  </reporter-output>
  <suite started-at="2021-03-05T13:27:50 IST" name="Default suite" finished-at="2021-03-05T13:29:04 IST" duration-ms="74344">
    <groups>
    </groups>
    <test started-at="2021-03-05T13:27:50 IST" name="Default test" finished-at="2021-03-05T13:29:04 IST" duration-ms="74344">
      <class name="com.jobportal.TestCases.TC_LogIn_001">
        <test-method is-config="true" signature="setup()[pri:0, instance:com.jobportal.TestCases.TC_LogIn_001@4944252c]" started-at="2021-03-05T13:27:50 IST" name="setup" finished-at="2021-03-05T13:28:38 IST" duration-ms="48425" status="PASS">
          <reporter-output>
          </reporter-output>
        </test-method> <!-- setup -->
        <test-method signature="logintest()[pri:0, instance:com.jobportal.TestCases.TC_LogIn_001@4944252c]" started-at="2021-03-05T13:28:38 IST" name="logintest" finished-at="2021-03-05T13:29:03 IST" duration-ms="25092" status="PASS">
          <reporter-output>
          </reporter-output>
        </test-method> <!-- logintest -->
        <test-method is-config="true" signature="teardown()[pri:0, instance:com.jobportal.TestCases.TC_LogIn_001@4944252c]" started-at="2021-03-05T13:29:03 IST" name="teardown" finished-at="2021-03-05T13:29:04 IST" duration-ms="721" status="PASS">
          <reporter-output>
          </reporter-output>
        </test-method> <!-- teardown -->
      </class> <!-- com.jobportal.TestCases.TC_LogIn_001 -->
    </test> <!-- Default test -->
  </suite> <!-- Default suite -->
</testng-results>
